<?xml version="1.0" encoding="UTF-8"?>
<!-- Generated by org.testng.reporters.JUnitReportReporter -->
<testsuite skipped="0" hostname="sayanPC" name="demo.LearnTestNG" tests="1" failures="0" timestamp="14 Oct 2018 18:05:17 GMT" time="103.998" errors="0">
  <testcase name="execution" time="103.998" classname="demo.LearnTestNG"/>
</testsuite> <!-- demo.LearnTestNG -->
